<?xml version="1.0" encoding="UTF-8"?>
<!-- Generated by org.testng.reporters.JUnitReportReporter -->
<testsuite hostname="DESKTOP-6MCP70J" failures="0" tests="3" name="com.qa.testscript.WorkingwithFrames" time="85.680" errors="0" timestamp="2021-04-28T18:46:35 IST" skipped="0">
  <testcase classname="com.qa.testscript.WorkingwithFrames" name="frameByIndex" time="34.840"/>
  <system-out/>
  <testcase classname="com.qa.testscript.WorkingwithFrames" name="frameByName" time="23.643"/>
  <system-out>
Overview (Java Platform SE 7 )  </system-out>
  <testcase classname="com.qa.testscript.WorkingwithFrames" name="frameByElement" time="27.197"/>
  <system-out/>
</testsuite> <!-- com.qa.testscript.WorkingwithFrames -->
