<?xml version="1.0" encoding="UTF-8"?>
<!-- Generated by org.testng.reporters.JUnitReportReporter -->
<testsuite hostname="DESKTOP-6MCP70J" failures="0" tests="3" name="AmazonEndTOEnd.Amazon_TC_001" time="7.021" errors="0" timestamp="2021-05-03T10:27:15 IST" skipped="1">
  <testcase classname="AmazonEndTOEnd.Amazon_TC_001" name="Amazon" time="6.711"/>
  <system-out/>
  <testcase classname="AmazonEndTOEnd.Amazon_TC_001" name="searchItem" time="0.000">
    <skipped/>
  </testcase> <!-- searchItem -->
  <system-out/>
  <testcase classname="AmazonEndTOEnd.Amazon_TC_001" name="checknoofElements" time="0.310"/>
  <system-out>
hidden hidden hidden hidden hidden hidden text email password password submit hidden hidden  </system-out>
</testsuite> <!-- AmazonEndTOEnd.Amazon_TC_001 -->
