<?xml version="1.0" encoding="UTF-8"?>
<!-- Generated by org.testng.reporters.JUnitReportReporter -->
<testsuite hostname="DESKTOP-6MCP70J" failures="0" tests="7" name="com.qa.testscript.TestNGAnnotationDemo" time="0.053" errors="0" timestamp="2021-04-27T13:54:44 IST" skipped="1">
  <testcase classname="com.qa.testscript.TestNGAnnotationDemo" name="CCBillPayment" time="0.009"/>
  <system-out>
I am credit card bill payment method  </system-out>
  <testcase classname="com.qa.testscript.TestNGAnnotationDemo" name="FundTransfer" time="0.004"/>
  <system-out>
I am a fund transfer method  </system-out>
  <testcase classname="com.qa.testscript.TestNGAnnotationDemo" name="CCBillPayment" time="0.021"/>
  <system-out>
I am credit card bill payment method  </system-out>
  <testcase classname="com.qa.testscript.TestNGAnnotationDemo" name="CCBillPayment" time="0.006"/>
  <system-out>
I am credit card bill payment method  </system-out>
  <testcase classname="com.qa.testscript.TestNGAnnotationDemo" name="VehicleInsurance" time="0.007"/>
  <system-out>
I am a vehicle Insurance method  </system-out>
  <testcase classname="com.qa.testscript.TestNGAnnotationDemo" name="MedicalInsurance" time="0.006"/>
  <system-out>
I am a medical insurance method  </system-out>
  <testcase classname="com.qa.testscript.TestNGAnnotationDemo" name="UtilityBillPayment">
    <skipped/>
  </testcase> <!-- UtilityBillPayment -->
  <system-out/>
</testsuite> <!-- com.qa.testscript.TestNGAnnotationDemo -->
