<?xml version="1.0" encoding="UTF-8"?>
<!-- Generated by org.testng.reporters.JUnitReportReporter -->
<testsuite hostname="DESKTOP-6MCP70J" failures="0" tests="1" name="caseStudyGoogle.Google" time="11.551" errors="0" timestamp="2021-04-28T13:42:30 IST" skipped="0">
  <testcase classname="caseStudyGoogle.Google" name="Search" time="11.551"/>
  <system-out/>
</testsuite> <!-- caseStudyGoogle.Google -->
